1706518240241:hello Virginie
1706519345407:help
1706526474636:companies
1706526599068:companies --pretty
1706527401216:companies
1706527410999:companies --pretty
1706608603739:company
1706608617772:companies
1706711027616:help
1706711054778:companies --help
1706711072042:companies --pretty
1706711331882:companies
1706711352675:companies --pretty
1706786108721:companies
1706786116327:companies pretty
1706786129759:companies --pretty
1706786151016:companies --type client
1706786171327:companies --typer client
1706786180887:companies --type client
1706786260261:companies --pretty --type client
1706786296109:company --pretty --type client
1706786343848:company --pretty
1706786365904:companies --pretty --type client
1706786399497:companies --pretty --type provider
1706786609717:companies --pretty --type client
1706786788497:companies --pretty --type zut
1706786803878:help
1706786824999:history help
1706786835734:help history
1706786855095:help companies
